<?xml version="1.0" encoding="UTF-8"?>
<robot generator="Robot 7.2.2 (Python 3.13.1 on darwin)" generated="2025-08-07T10:16:11.382649" rpa="false" schemaversion="5">
<suite id="s1" name="Ciao" source="/Users/angela/Downloads/robotcache/tests/public/ciao.robot">
<test id="s1-t1" name="Quick Get Request Test" line="10">
<kw name="Open Browser" owner="SeleniumLibrary">
<msg time="2025-08-07T10:16:11.490215" level="INFO">Opening browser 'chrome' to base url 'https://www.google.com/'.</msg>
<arg>${Url}</arg>
<arg>${browser}</arg>
<doc>Opens a new browser instance to the optional ``url``.</doc>
<status status="PASS" start="2025-08-07T10:16:11.490090" elapsed="0.757132"/>
</kw>
<kw name="Input Text" owner="SeleniumLibrary">
<msg time="2025-08-07T10:16:12.247871" level="INFO">Typing text 'ciao' into text field '//*[@id="APjFqb"]'.</msg>
<arg>//*[@id="APjFqb"]</arg>
<arg>ciao</arg>
<doc>Types the given ``text`` into the text field identified by ``locator``.</doc>
<status status="PASS" start="2025-08-07T10:16:12.247572" elapsed="0.067444"/>
</kw>
<kw name="Click Button" owner="SeleniumLibrary">
<msg time="2025-08-07T10:16:12.315317" level="INFO">Clicking button '//input[@type="submit"]'.</msg>
<arg>//input[@type="submit"]</arg>
<doc>Clicks the button identified by ``locator``.</doc>
<status status="PASS" start="2025-08-07T10:16:12.315195" elapsed="0.060574"/>
</kw>
<kw name="Sleep" owner="BuiltIn">
<msg time="2025-08-07T10:16:17.377953" level="INFO">Slept 5 seconds.</msg>
<arg>5s</arg>
<doc>Pauses the test executed for the given time.</doc>
<status status="PASS" start="2025-08-07T10:16:12.376053" elapsed="5.002263"/>
</kw>
<kw name="GET" owner="RequestsLibrary">
<msg time="2025-08-07T10:16:17.466750" level="INFO">GET Request : url=https://www.google.com/search?query=ciao 
 path_url=/search?query=ciao 
 headers={'User-Agent': 'python-requests/2.32.4', 'Accept-Encoding': 'gzip, deflate', 'Accept': '*/*', 'Connection': 'keep-alive'} 
 body=None 
 </msg>
<msg time="2025-08-07T10:16:17.466999" level="INFO">GET Response : url=https://www.google.com/search?query=ciao 
 status=200, reason=OK 
 headers={'Content-Type': 'text/html; charset=ISO-8859-1', 'Content-Security-Policy': "object-src 'none';base-uri 'self';script-src 'nonce-tm12ZUNnvpt9x3Hh_0bYFg' 'strict-dynamic' 'report-sample' 'unsafe-eval' 'unsafe-inline' https: http:;report-uri https://csp.withgoogle.com/csp/gws/xsrp", 'Accept-CH': 'Sec-CH-Prefers-Color-Scheme', 'P3P': 'CP="This is not a P3P policy! See g.co/p3phelp for more info."', 'Content-Encoding': 'gzip', 'Date': 'Thu, 07 Aug 2025 02:16:17 GMT', 'Server': 'gws', 'X-XSS-Protection': '0', 'X-Frame-Options': 'SAMEORIGIN', 'Expires': 'Thu, 07 Aug 2025 02:16:17 GMT', 'Cache-Control': 'private', 'Set-Cookie': 'AEC=AVh_V2jhywcusi9G9KaCUjTWMsQeW5C1ocB7Z3K8_2sPT8KGqS3HdUxXG8A; expires=Tue, 03-Feb-2026 02:16:17 GMT; path=/; domain=.google.com; Secure; HttpOnly; SameSite=lax, NID=525=TV1OTMmPstMMwAjXPCALFFYtamD4faVGzjUugtBnKdYiIVmeuNwtxppFt8_jmVI3_RtUBphJdIoQxPphRDtCNiD0fRbPjCMra2CEFQNLMb7DRtpnp325b7LAUWw0pwUbYS2doViVpdf9dCNg80_kzXyk-YKpdFw4HfLppM8dpsaZOEwnidPqKwQPQ1IdFIWntewGX1aJ3jyuIMU; expires=Fri, 06-Feb-2026 02:16:17 GMT; path=/; domain=.google.com; HttpOnly', 'Alt-Svc': 'h3=":443"; ma=2592000,h3-29=":443"; ma=2592000', 'Transfer-Encoding': 'chunked'} 
 body=&lt;!DOCTYPE html&gt;&lt;html lang="zh-TW"&gt;&lt;head&gt;&lt;title&gt;Google Search&lt;/title&gt;&lt;style&gt;body{background-color:#fff}&lt;/style&gt;&lt;script nonce="tm12ZUNnvpt9x3Hh_0bYFg"&gt;window.google = window.google || {};window.google.c = window.google.c || {ezx:false,cap:0};&lt;/script&gt;&lt;/head&gt;&lt;body&gt;&lt;noscript&gt;&lt;style&gt;table,div,span,p{display:none}&lt;/style&gt;&lt;meta content="0;url=/httpservice/retry/enablejs?sei=cQyUaNOeIMC2vr0P1NmP4AI" http-equiv="refresh"&gt;&lt;div style="display:block"&gt;&amp;#22914;&amp;#26524;&amp;#31995;&amp;#32113;&amp;#27794;&amp;#26377;&amp;#22312;&amp;#25976;&amp;#31186;&amp;#37912;&amp;#24460;&amp;#23559;&amp;#24744;&amp;#37325;&amp;#26032;&amp;#23566;&amp;#21521;&amp;#65292;&amp;#35531;&amp;#25353;&amp;#19968;&amp;#19979;&lt;a href="/httpservice/retry/enablejs?sei=cQyUaNOeIMC2vr0P1NmP4AI"&gt;&amp;#36889;&amp;#35041;&lt;/a&gt;&amp;#12290;&lt;/div&gt;&lt;/noscript&gt;&lt;script nonce="tm12ZUNnvpt9x3Hh_0bYFg"&gt;(function(){var sctm=false;(function(){sctm&amp;&amp;google.tick("load","pbsst");}).call(this);})();&lt;/script&gt;&lt;script nonce="tm12ZUNnvpt9x3Hh_0bYFg"&gt;//# sourceMappingURL=data:application/json;charset=utf-8;base64,eyJ2ZXJzaW9uIjogMywic291cmNlcyI6WyIiXSwic291cmNlc0NvbnRlbnQiOlsiICJdLCJuYW1lcyI6WyJjbG9zdXJlRHluYW1pY0J1dHRvbiJdLCJtYXBwaW5ncyI6IkFBQUE7QUFBQTtBQUFBO0FBQUE7QUFBQTtBQUFBO0FBQUEifQ==
(function(){var Y=function(V,m,X,K,l,H,P,F,C,L){for(C=35;C!=17;){if(C==10)return L;if(C==8)C=(X&amp;V)==X?4:10;else if(C==35)C=73;else if(C==73)C=X&lt;&lt;2&amp;7?8:m;else if(C==m)L=K,C=8;else if(C==4){if(P=(F=I.trustedTypes,K),F&amp;&amp;F.createPolicy){try{P=F.createPolicy(H,{createHTML:E,createScript:E,createScriptURL:E})}catch(a){if(I.console)I.console[l](a.message)}L=P}else L=P;C=10}}},E=function(V){return Y.call(this,109,54,6,V)},I=this||self;(0,eval)(function(V,m){return(m=Y(109,54,5,null,"error","ks"))&amp;&amp;V.eval(m.createScript("1"))===1?function(X){return m.createScript(X)}:function(X){return""+X}}(I)(Array(Math.random()*7824|0).join("\n")+['//# sourceMappingURL=data:application/json;charset=utf-8;base64,eyJ2ZXJzaW9uIjogMywic291cmNlcyI6WyIiXSwic291cmNlc0NvbnRlbnQiOlsiICJdLCJuYW1lcyI6WyJjbG9zdXJlRHluYW1pY0J1dHRvbiJdLCJtYXBwaW5ncyI6IkFBQUE7QUFBQTtBQUFBO0FBQUE7QUFBQTtBQUFBO0FBQUEifQ==',
'(function(){/*',
'',
' Copyright Google LLC',
' SPDX-License-Identifier: Apache-2.0',
'*/',
'var Kg=function(X,m,C,P,V,L,E,I,H,l){{H=28;while(H!=87)if(H==81)H=X-6&lt;&lt;1&gt;=X&amp;&amp;(X-7|64)&lt;X?55:43;else if(H==62)H=X&lt;&lt;1&gt;=24&amp;&amp;(X|9)&lt;40?8:35;else if(H==28)H=89;else if(H==21){a:if(typeof P==="string")l=typeof C!=="string"||C.length!=1?-1:P.indexOf(C,m);else{for(V=m;V&lt;P.length;V++)if(V in P&amp;&amp;P[V]===C){l=V;break a}l=-1}H=13}else if(H==83){a:{switch(E){case m:l=L?"disable":"enable";break a;case 2:l=L?"highlight":"unhighlight";break a;case V:l=L?"activate":"deactivate";break a;case 8:l=L?"select":"unselect";break a;case 16:l=L?"check":"uncheck";break a;case P:l=L?"focus":"blur";break a;case C:l=L?"open":"close";break a}throw Error("Invalid component state");}H=62}else if(H==8)C=m[H0],l=C instanceof aR?C:null,H=35;else if(H==18)I=C,I=(V=I&lt;&lt;13,-2-(I|~V)-(~I|V)),I=(E=I&gt;&gt;17,-(~I^E)+(~I&amp;E)+(I|~E)),I=(L=I&lt;&lt;5,(L|0)- -1+~I+2*(I&amp;~L)),(I&amp;=P)||(I=1),l=~m-~I+2*(m&amp;~I),H=81;else{if(H==35)return l;H==89?H=(X&amp;11)==X?18:81:H==43?H=(X&lt;&lt;1&amp;15)==2?21:13:H==55?(C.fh(function(F){V=F},m,P),l=V,H=43):H==13&amp;&amp;(H=(X+4&amp;28)&lt;10&amp;&amp;((X|8)&amp;7)&gt;=6?83:62)}}},uJ=function(X,m,C,P,V,L,E,I){for(I=81;I!=39;)if(I==X)I=(m^19)&gt;&gt;4?2:54;else if(I==43)I=(m-4|11)&gt;=m&amp;&amp;(m+5&amp;45)&lt;m?92:22;else if(I==92)I=22;else if(I==22)I=(m-4^17)&gt;=m&amp;&amp;(m+7&amp;46)&lt;m?52:X;else if(I==54)E=!!(L=V.cX,(L|P)+C*(~L^P)-(L|~P)-(~L|P))&amp;&amp;R(V,89,P),I=2;else if(I==81)I=43;else{if(I==2)return E;I==52&amp;&amp;(E=P in sf?sf[P]:sf[P]=C+P,I=X)}},d1=function(X,m,C,P,V,L,E,I,H,l,F,Y,K,a){{Y=79;while(Y!=92)if(Y==52){a:{if(F&amp;&amp;typeof F.length==X){if(IR(79,25,F,"object")){l=typeof F.item=="function"||typeof F.item==V;break a}if(typeof F==="function"){l=typeof F.item=="function";break a}}l=false}Y=(R(0,16,C,a,l?d(0,F,3):F),21)}else if(Y==46)a(F),Y=21;else if(Y==42)a=function(S){S&amp;&amp;E.appendChild(typeof S==="string"?L.createTextNode(S):S)},H=P,Y=49;else if(Y==5)Y=((m^21)&amp;8)&lt;5&amp;&amp;m+7&gt;&gt;3&gt;=2?87:77;else if(Y==94)F=I[H],Y=68;else if(Y==87)this.src=X,this.Ue=0,this.G={},Y=77;else if(Y==68)Y=!d("array","object",55,X,F)||IR(79,20,F,"object")&amp;&amp;F.nodeType&gt;0?46:52;else{if(Y==13)return K;Y==77?Y=(m&lt;&lt;1&amp;8)&lt;4&amp;&amp;m&gt;&gt;2&gt;=-52?42:13:Y==8?Y=H&lt;I.length?94:13:Y==21?(H++,Y=8):Y==79?Y=5:Y==49&amp;&amp;(Y=8)}}},SS=function(X,m,C,P,V,L,E,I){for(I=68;I!=8;)if(I==26)L=P,E=function(){return L&lt;V.length?{done:false,value:V[L++]}:{done:true}},I=93;else if(I==68)I=1;else if(I==48)this.wm=J.document||document,I=m;else if(I==1)I=C-1&gt;&gt;4?93:26;else if(I==93)I=(C-X|1)&lt;C&amp;&amp;(C+7&amp;35)&gt;=C?48:m;else if(I==m)return E},Jm=function(X,m,C,P,V,L,E,I,H,l){for(l=56;l!=74;)if(l==1)I=r1(C,29,L),E=Kg(41,P,V,I)&gt;=P,l=31;else if(l==X)E=[],L=I=0,l=8;else if(l==6)l=59;else if(l==96)l=59;else{if(l==38)return H;l==18?l=m&gt;&gt;2&amp;7?29:62:l==31?(H=E,l=29):l==9?(I++,l=65):l==59?l=L&gt;7?47:9:l==29?l=(m|48)==m?23:17:l==23?l=17:l==47?(L-=8,E.push(V&gt;&gt;L&amp;255),l=96):l==56?l=18:l==62?l=L.classList?21:1:l==68?(H=E,l=38):l==8?l=65:l==17?l=(m&amp;92)==m?X:38:l==65?l=I&lt;C.length?81:68:l==81?(V=V&lt;&lt;P|C[I],L+=P,l=6):l==21&amp;&amp;(E=L.classList.contains(V),l=31)}},IR=function(X,m,C,P,V,L,E,I,H,l,F){{l=36;while(l!=77)if(l==45)L.src=C,E[H0]=C,l=55;else if(l==71)l=typeof V!=="number"&amp;&amp;V&amp;&amp;!V.Gc?X:55;else if(l==61)W(40,C,L,V),l=30;else if(l==89)W(41,C,E.X,V),l=55;else if(l==74)H=V.proxy,I=V.type,E.removeEventListener?E.removeEventListener(I,H,V.capture):E.detachEvent?E.detachEvent(uJ(51,10,"on",I),H):E.addListener&amp;&amp;E.removeListener&amp;&amp;E.removeListener(H),De--,L=Kg(14,E),l=15;else if(l==15)l=L?61:78;else{if(l==55)return F;l==97?l=(m-9&amp;6)&lt;3&amp;&amp;m&gt;&gt;2&gt;=-56?46:14:l==X?(E=V.src,l=39):l==30?l=L.Ue==P?45:55:l==36?l=97:l==39?l=E&amp;&amp;E[P0]?89:74:l==78?(Yu(7,34,C,V),l=55):l==46?(V=typeof C,F=V==P&amp;&amp;C!=null||V=="function",l=14):l==14&amp;&amp;(l=(m^14)&gt;&gt;4?55:71)}}},lJ=function(X,m,C,P,V,L,E,I,H,l,F,Y,K,a){{K=86;while(K!=48)if(K==79)K=Array.isArray(I)?72:57;else if(K==57)P=Vn(48,35,P),L&amp;&amp;L[P0]?L.X.add(String(I),P,m,IR(79,18,E,"object")?!!E.capture:!!E,V):Ef(25,"object",false,m,V,P,L,I,E),K=93;else if(K==32)Y=Kg(13,L),K=41;else if(K==22)K=this.A.length&lt;50?55:24;else if(K==33)K=L&amp;&amp;L[P0]?81:83;else if(K==81)L.X.remove(String(V),P,l,E),K=77;else if(K==3)K=(C+1^16)&lt;C&amp;&amp;C-2&lt;&lt;2&gt;=C?62:77;else if(K==36){for(E in I=X,P.G){for(L=(V=X,P.G[E]);V&lt;L.length;V++)++I,Yu(7,32,m,L[V]);P.Ue--,delete P.G[E]}K=3}else if(K==77)K=C-1&gt;&gt;4?93:79;else if(K==62)K=Array.isArray(V)?16:51;else if(K==55)this.A.push(X),K=67;else if(K==66)K=53;else if(K==16)F=m,K=34;else if(K==31)lJ(0,true,3,P,V,L,E,I[H]),K=88;else{if(K==67)return a;K==29?((H=Y.Ee(P,l,V,E))&amp;&amp;IR(79,6,null,0,H),K=77):K==34?K=85:K==58?(F++,K=85):K==86?K=7:K==72?(H=X,K=66):K==88?(H++,K=53):K==7?K=(C&amp;122)==C?36:3:K==41?K=Y?29:77:K==94?(lJ("object",0,19,P,V[F],L,E,I),K=58):K==24?(m=Math.floor(Math.random()*this.n),m&lt;50&amp;&amp;(this.A[m]=X),K=67):K==28?(this.n++,K=22):K==93?K=(C+9^23)&lt;C&amp;&amp;(C-6^8)&gt;=C?28:67:K==51?(l=IR(79,26,I,X)?!!I.capture:!!I,P=Vn(48,32,P),K=33):K==53?K=H&lt;I.length?31:93:K==83?K=L?32:77:K==85&amp;&amp;(K=F&lt;V.length?94:77)}}},Yu=function(X,m,C,P,V,L,E,I,H,l){{l=76;while(l!=55)if(l==76)l=29;else if(l==12)I.classList?I.classList.remove(E):Jm(32,32,C,P,E,I)&amp;&amp;pg(L,X,Array.prototype.filter.call(r1(C,27,I),function(F){return F!=E}).join(V),I),l=92;else{if(l==92)return H;l==0?l=(m&gt;&gt;2&amp;12)&lt;8&amp;&amp;(m|5)&gt;&gt;4&gt;=0?5:22:l==22?l=m-4&lt;&lt;1&gt;=m&amp;&amp;(m+5^12)&lt;m?12:92:l==91?(P.Gc=true,P.listener=C,P.proxy=C,P.src=C,P.cq=C,l=0):l==5?(H=Math.floor(this.U()),l=22):l==29&amp;&amp;(l=(m&gt;&gt;1&amp;X)&gt;=0&amp;&amp;(m&gt;&gt;2&amp;3)&lt;1?91:0)}}},mO=function(X,m,C,P,V,L,E,I,H,l,F,Y){for(l=46;l!=31;){if(l==85)return F;if(l==88)this[this+""]=this,F=Promise.resolve(),l=67;else if(l==46)l=X;else if(l==27){a:{for(H=[C==typeof globalThis&amp;&amp;globalThis,L,(E=V,C)==typeof window&amp;&amp;window,C==typeof self&amp;&amp;self,C==typeof global&amp;&amp;global];E&lt;H.length;++E)if((I=H[E])&amp;&amp;I[P]==Math){F=I;break a}throw Error("Cannot find global object");}l=68}else if(l==51){a:{for(I=C;I&lt;P.length;++I)if(H=P[I],!H.Gc&amp;&amp;H.listener==E&amp;&amp;H.capture==!!V&amp;&amp;H.cq==L){F=I;break a}F=-1}l=62}else l==68?l=m-6&gt;&gt;3==2?88:67:l==65?(Y=function(){},V=void 0,I=Cg(C,function(K,a){for(a=35;a!=17;)a==73?(P&amp;&amp;X_(P),V=K,Y(),Y=void 0,a=17):a==35&amp;&amp;(a=Y?73:17)},!!P),L=I[0],E=I[1],F={top:function(K,a,S,u,D,y,p){for(p=X;p!=54;)if(p==X)y=function(){V(function(r){X_(function(){K(r)})},S)},p=64;else if(p==44)u=Y,Y=function(){u(),X_(y)},p=54;else if(p==27)p=V?46:44;else{if(p==67)return D=L(S),K&amp;&amp;K(D),D;p==46?(y(),p=54):p==64&amp;&amp;(p=a?27:67)}},pe:function(K){E&amp;&amp;E(K)}},l=85):l==67?l=(m^48)&gt;&gt;3==3?51:62:l==62?l=m+7&gt;&gt;X?85:65:l==X&amp;&amp;(l=m-9&gt;&gt;X?68:27)}},W0=function(X,m,C,P,V,L,E,I,H,l,F,Y,K){{F=X;while(F!=1)if(F==X)F=41;else if(F==41)F=m-6&lt;&lt;1&lt;m&amp;&amp;(m-7|20)&gt;=m?0:39;else if(F==0)K=function(a){return C.call(K.src,K.listener,a)},C=RR,Y=K,F=39;else if(F==39)F=(m-7|31)&lt;m&amp;&amp;(m-6|35)&gt;=m?31:67;else{if(F==67)return Y;F==31&amp;&amp;(Y=(l=q4[C.substring(0,3)+"_"])?l(C.substring(3),P,V,L,E,I,H):r1(P,3,C),F=67)}}},Q=function(X,m,C,P,V,L,E,I,H,l,F){return(m&amp;((m-3^32)&lt;(((m+4&amp;36)&gt;=m&amp;&amp;m+7&gt;&gt;2&lt;m&amp;&amp;(l=F=function(){for(var Y=84;Y!=7;)if(Y==58)I&amp;&amp;H&amp;&amp;I.removeEventListener(H,F,Ze),Y=7;else if(Y==21){var K=!E.h.length;Y=(iJ(17,0,a,E),K&amp;&amp;oR(254,5,E,C,0,C),12)}else if(Y==10)var a=[fg,L,P,(Y=49,void 0),I,H,arguments];else if(Y==53)Y=E.u?10:58;else if(Y==84)Y=E.i==E?53:7;else if(Y==97){var S=w1(false,1,E,a);Y=12}else if(Y==29)Y=V==X?21:97;else if(Y==49)Y=V==2?99:29;else{if(Y==12)return S;Y==99&amp;&amp;(iJ(13,0,a,E),S=oR(254,7,E,C,0,C),Y=12)}}),(m&gt;&gt;2&amp;8)&lt;6&amp;&amp;m-2&gt;=19)&amp;&amp;(P=Qn(true,8,C),P&amp;128&amp;&amp;(P=P&amp;127|Qn(true,8,C)&lt;&lt;X),l=P),m)&amp;&amp;(m-9^29)&gt;=m&amp;&amp;(X.H?l=B0(X.F,X):(P=Z(true,X,8),-1-~(P|128)-(P^128)&amp;&amp;(P^=128,C=Z(true,X,2),P=(P&lt;&lt;2)+(C|0)),l=P)),14))==m&amp;&amp;(X.H?l=B0(X.F,X):(C=Z(true,X,8),-1-~(C|128)-(C^128)&amp;&amp;(C^=128,P=Z(true,X,2),C=(C&lt;&lt;2)+(P|0)),l=C)),l},Vn=function(X,m,C,P,V,L){for(L=44;L!=11;)if(L==X)L=(m&amp;47)==m?60:59;else if(L==59)L=(m&lt;&lt;2&amp;14)&lt;12&amp;&amp;(m&lt;&lt;1&amp;15)&gt;=2?9:96;else if(L==25)L=m+6&gt;&gt;1&lt;m&amp;&amp;(m+3&amp;31)&gt;=m?78:X;else{if(L==96)return V;L==60?(typeof C==="function"?V=C:(C[g1]||(C[g1]=function(E){return C.handleEvent(E)}),V=C[g1]),L=59):L==44?L=25:L==9?(this[this+""]=this,L=96):L==78&amp;&amp;(V=N4[P](N4.prototype,{splice:C,call:C,prototype:C,pop:C,stack:C,floor:C,console:C,length:C,propertyIsEnumerabl... (set the log level to DEBUG or TRACE to see the full content) 
 </msg>
<msg time="2025-08-07T10:16:17.467455" level="INFO">${response} = &lt;Response [200]&gt;</msg>
<var>${response}</var>
<arg>https://www.google.com/search</arg>
<arg>params=query=ciao</arg>
<arg>expected_status=200</arg>
<doc>Sends a GET request.</doc>
<status status="PASS" start="2025-08-07T10:16:17.379030" elapsed="0.088456"/>
</kw>
<kw name="Should Be Equal As Strings" owner="BuiltIn">
<msg time="2025-08-07T10:16:17.468471" level="FAIL">Resolving variable '${response.json()}' failed: JSONDecodeError: Expecting value: line 1 column 1 (char 0)</msg>
<arg>1</arg>
<arg>${response.json()}[id]</arg>
<doc>Fails if objects are unequal after converting them to strings.</doc>
<status status="FAIL" start="2025-08-07T10:16:17.467808" elapsed="0.000720">Resolving variable '${response.json()}' failed: JSONDecodeError: Expecting value: line 1 column 1 (char 0)</status>
</kw>
<kw name="Close Browser" owner="SeleniumLibrary">
<doc>Closes the current browser.</doc>
<status status="NOT RUN" start="2025-08-07T10:16:17.468726" elapsed="0.000032"/>
</kw>
<status status="FAIL" start="2025-08-07T10:16:11.489667" elapsed="5.979269">Resolving variable '${response.json()}' failed: JSONDecodeError: Expecting value: line 1 column 1 (char 0)</status>
</test>
<status status="FAIL" start="2025-08-07T10:16:11.383142" elapsed="6.086240"/>
</suite>
<statistics>
<total>
<stat pass="0" fail="1" skip="0">All Tests</stat>
</total>
<tag>
</tag>
<suite>
<stat name="Ciao" id="s1" pass="0" fail="1" skip="0">Ciao</stat>
</suite>
</statistics>
<errors>
</errors>
</robot>
