<?xml version="1.0" encoding="UTF-8"?>
<robot generator="Robot 7.3.2 (Python 3.13.5 on darwin)" generated="2025-08-07T17:13:29.123300" rpa="false" schemaversion="5">
<suite id="s1" name="Safari" source="/Users/angela/Downloads/robotcache/tests/public/safari.robot">
<test id="s1-t1" name="成功開啟 Safari 應用程式" line="14">
<kw name="Open App On Ios Device">
<kw name="Open Application" owner="AppiumLibrary">
<arg>${APPIUM_SERVER}</arg>
<arg>platformName=${PLATFORM_NAME}</arg>
<arg>deviceName=${DEVICE_NAME}</arg>
<arg>platformVersion=${PLATFORM_VERSION}</arg>
<arg>bundleId=${BUNDLE_ID}</arg>
<arg>automationName=XCUITest</arg>
<doc>Opens a new application to given Appium server.
Capabilities of appium server, Android and iOS,
Please check https://appium.io/docs/en/2.19/guides/caps/
| *Option*            | *Man.* | *Description*     |
| remote_url          | Yes    | Appium server url |
| alias               | No     | alias             |</doc>
<status status="PASS" start="2025-08-07T17:13:29.204540" elapsed="3.595110"/>
</kw>
<kw name="Click Element" owner="AppiumLibrary">
<msg time="2025-08-07T17:13:32.801977" level="INFO">Clicking element 'accessibility_id=TabBarItemTitle'.</msg>
<arg>accessibility_id=TabBarItemTitle</arg>
<doc>Click element identified by `locator`.</doc>
<status status="PASS" start="2025-08-07T17:13:32.800781" elapsed="2.071266"/>
</kw>
<kw name="Click Element" owner="AppiumLibrary">
<msg time="2025-08-07T17:13:34.873366" level="INFO">Clicking element 'accessibility_id=a'.</msg>
<arg>accessibility_id=a</arg>
<doc>Click element identified by `locator`.</doc>
<status status="PASS" start="2025-08-07T17:13:34.872301" elapsed="1.338064"/>
</kw>
<kw name="Click Element" owner="AppiumLibrary">
<msg time="2025-08-07T17:13:36.211556" level="INFO">Clicking element 'accessibility_id=Go'.</msg>
<arg>accessibility_id=Go</arg>
<doc>Click element identified by `locator`.</doc>
<status status="PASS" start="2025-08-07T17:13:36.210527" elapsed="1.695757"/>
</kw>
<status status="PASS" start="2025-08-07T17:13:29.204283" elapsed="8.702326"/>
</kw>
<kw name="Log To Console" owner="BuiltIn">
<arg>iOS App 已成功啟動！</arg>
<doc>Logs the given message to the console.</doc>
<status status="PASS" start="2025-08-07T17:13:37.907090" elapsed="0.000370"/>
</kw>
<doc>使用 Appium 啟動一個 iOS 應用程式。</doc>
<status status="PASS" start="2025-08-07T17:13:29.203673" elapsed="8.704165"/>
</test>
<status status="PASS" start="2025-08-07T17:13:29.123764" elapsed="8.785296"/>
</suite>
<statistics>
<total>
<stat pass="1" fail="0" skip="0">All Tests</stat>
</total>
<tag>
</tag>
<suite>
<stat name="Safari" id="s1" pass="1" fail="0" skip="0">Safari</stat>
</suite>
</statistics>
<errors>
</errors>
</robot>
